{"uid":"edb2466367799b76","name":"Verify_Login_Standered_User","fullName":"loginTestCases.Verify_Login_Standered_User","historyId":"69404fb47e7dc0d6bf0cdb829ed71018","time":{"start":1729330653819,"stop":1729330653821,"duration":2},"description":"Verify the standered user logged successfully","descriptionHtml":"<p>Verify the standered user logged successfully</p>\n","status":"skipped","statusMessage":"Cannot invoke \"org.openqa.selenium.WebDriver.findElement(org.openqa.selenium.By)\" because \"this.driver\" is null","statusTrace":"java.lang.NullPointerException: Cannot invoke \"org.openqa.selenium.WebDriver.findElement(org.openqa.selenium.By)\" because \"this.driver\" is null\r\n\tat LoginPage.<init>(LoginPage.java:13)\r\n\tat loginTestCases.test_setUp(loginTestCases.java:20)\r\n\tat java.base/jdk.internal.reflect.DirectMethodHandleAccessor.invoke(DirectMethodHandleAccessor.java:103)\r\n\tat java.base/java.lang.reflect.Method.invoke(Method.java:580)\r\n\tat org.testng.internal.invokers.MethodInvocationHelper.invokeMethod(MethodInvocationHelper.java:141)\r\n\tat org.testng.internal.invokers.MethodInvocationHelper.invokeMethodConsideringTimeout(MethodInvocationHelper.java:71)\r\n\tat org.testng.internal.invokers.ConfigInvoker.invokeConfigurationMethod(ConfigInvoker.java:400)\r\n\tat org.testng.internal.invokers.ConfigInvoker.invokeConfigurations(ConfigInvoker.java:333)\r\n\tat org.testng.internal.invokers.TestInvoker.runConfigMethods(TestInvoker.java:833)\r\n\tat org.testng.internal.invokers.TestInvoker.invokeMethod(TestInvoker.java:600)\r\n\tat org.testng.internal.invokers.TestInvoker.invokeTestMethod(TestInvoker.java:230)\r\n\tat org.testng.internal.invokers.MethodRunner.runInSequence(MethodRunner.java:63)\r\n\tat org.testng.internal.invokers.TestInvoker$MethodInvocationAgent.invoke(TestInvoker.java:992)\r\n\tat org.testng.internal.invokers.TestInvoker.invokeTestMethods(TestInvoker.java:203)\r\n\tat org.testng.internal.invokers.TestMethodWorker.invokeTestMethods(TestMethodWorker.java:154)\r\n\tat org.testng.internal.invokers.TestMethodWorker.run(TestMethodWorker.java:134)\r\n\tat java.base/java.util.ArrayList.forEach(ArrayList.java:1596)\r\n\tat org.testng.TestRunner.privateRun(TestRunner.java:739)\r\n\tat org.testng.TestRunner.run(TestRunner.java:614)\r\n\tat org.testng.SuiteRunner.runTest(SuiteRunner.java:421)\r\n\tat org.testng.SuiteRunner.runSequentially(SuiteRunner.java:413)\r\n\tat org.testng.SuiteRunner.privateRun(SuiteRunner.java:373)\r\n\tat org.testng.SuiteRunner.run(SuiteRunner.java:312)\r\n\tat org.testng.SuiteRunnerWorker.runSuite(SuiteRunnerWorker.java:52)\r\n\tat org.testng.SuiteRunnerWorker.run(SuiteRunnerWorker.java:95)\r\n\tat org.testng.TestNG.runSuitesSequentially(TestNG.java:1274)\r\n\tat org.testng.TestNG.runSuitesLocally(TestNG.java:1208)\r\n\tat org.testng.TestNG.runSuites(TestNG.java:1112)\r\n\tat org.testng.TestNG.run(TestNG.java:1079)\r\n\tat com.intellij.rt.testng.IDEARemoteTestNG.run(IDEARemoteTestNG.java:65)\r\n\tat com.intellij.rt.testng.RemoteTestNGStarter.main(RemoteTestNGStarter.java:105)\r\n","flaky":false,"newFailed":false,"newBroken":false,"newPassed":false,"retriesCount":8,"retriesStatusChange":true,"beforeStages":[{"name":"test_setUp","time":{"start":1729330646713,"stop":1729330653573,"duration":6860},"description":"","status":"broken","statusMessage":"Cannot invoke \"org.openqa.selenium.WebDriver.findElement(org.openqa.selenium.By)\" because \"this.driver\" is null","statusTrace":"java.lang.NullPointerException: Cannot invoke \"org.openqa.selenium.WebDriver.findElement(org.openqa.selenium.By)\" because \"this.driver\" is null\r\n\tat LoginPage.<init>(LoginPage.java:13)\r\n\tat loginTestCases.test_setUp(loginTestCases.java:20)\r\n\tat java.base/jdk.internal.reflect.DirectMethodHandleAccessor.invoke(DirectMethodHandleAccessor.java:103)\r\n\tat java.base/java.lang.reflect.Method.invoke(Method.java:580)\r\n\tat org.testng.internal.invokers.MethodInvocationHelper.invokeMethod(MethodInvocationHelper.java:141)\r\n\tat org.testng.internal.invokers.MethodInvocationHelper.invokeMethodConsideringTimeout(MethodInvocationHelper.java:71)\r\n\tat org.testng.internal.invokers.ConfigInvoker.invokeConfigurationMethod(ConfigInvoker.java:400)\r\n\tat org.testng.internal.invokers.ConfigInvoker.invokeConfigurations(ConfigInvoker.java:333)\r\n\tat org.testng.internal.invokers.TestInvoker.runConfigMethods(TestInvoker.java:833)\r\n\tat org.testng.internal.invokers.TestInvoker.invokeMethod(TestInvoker.java:600)\r\n\tat org.testng.internal.invokers.TestInvoker.invokeTestMethod(TestInvoker.java:230)\r\n\tat org.testng.internal.invokers.MethodRunner.runInSequence(MethodRunner.java:63)\r\n\tat org.testng.internal.invokers.TestInvoker$MethodInvocationAgent.invoke(TestInvoker.java:992)\r\n\tat org.testng.internal.invokers.TestInvoker.invokeTestMethods(TestInvoker.java:203)\r\n\tat org.testng.internal.invokers.TestMethodWorker.invokeTestMethods(TestMethodWorker.java:154)\r\n\tat org.testng.internal.invokers.TestMethodWorker.run(TestMethodWorker.java:134)\r\n\tat java.base/java.util.ArrayList.forEach(ArrayList.java:1596)\r\n\tat org.testng.TestRunner.privateRun(TestRunner.java:739)\r\n\tat org.testng.TestRunner.run(TestRunner.java:614)\r\n\tat org.testng.SuiteRunner.runTest(SuiteRunner.java:421)\r\n\tat org.testng.SuiteRunner.runSequentially(SuiteRunner.java:413)\r\n\tat org.testng.SuiteRunner.privateRun(SuiteRunner.java:373)\r\n\tat org.testng.SuiteRunner.run(SuiteRunner.java:312)\r\n\tat org.testng.SuiteRunnerWorker.runSuite(SuiteRunnerWorker.java:52)\r\n\tat org.testng.SuiteRunnerWorker.run(SuiteRunnerWorker.java:95)\r\n\tat org.testng.TestNG.runSuitesSequentially(TestNG.java:1274)\r\n\tat org.testng.TestNG.runSuitesLocally(TestNG.java:1208)\r\n\tat org.testng.TestNG.runSuites(TestNG.java:1112)\r\n\tat org.testng.TestNG.run(TestNG.java:1079)\r\n\tat com.intellij.rt.testng.IDEARemoteTestNG.run(IDEARemoteTestNG.java:65)\r\n\tat com.intellij.rt.testng.RemoteTestNGStarter.main(RemoteTestNGStarter.java:105)\r\n","steps":[],"attachments":[],"parameters":[],"stepsCount":0,"attachmentStep":false,"hasContent":true,"shouldDisplayMessage":true,"attachmentsCount":0}],"afterStages":[{"name":"quitBrowser","time":{"start":1729330653828,"stop":1729330653828,"duration":0},"description":"","status":"broken","steps":[],"attachments":[],"parameters":[],"stepsCount":0,"attachmentStep":false,"hasContent":false,"shouldDisplayMessage":false,"attachmentsCount":0}],"labels":[{"name":"package","value":"loginTestCases"},{"name":"testClass","value":"loginTestCases"},{"name":"testMethod","value":"Verify_Login_Standered_User"},{"name":"parentSuite","value":"Default Suite"},{"name":"suite","value":"MavenPractice"},{"name":"subSuite","value":"loginTestCases"},{"name":"host","value":"nader-_elsayed"},{"name":"thread","value":"21256@nader-_elsayed.main(1)"},{"name":"framework","value":"testng"},{"name":"language","value":"java"},{"name":"resultFormat","value":"allure2"}],"parameters":[],"links":[],"hidden":false,"retry":false,"extra":{"severity":"normal","retries":[{"uid":"38144f7f71273dc9","status":"skipped","statusDetails":"Cannot invoke \"org.openqa.selenium.WebDriver.findElement(org.openqa.selenium.By)\" because \"this.driver\" is null","time":{"start":1729175873602,"stop":1729175873604,"duration":2}},{"uid":"6f855440142f5caa","status":"skipped","statusDetails":"Cannot invoke \"org.openqa.selenium.WebDriver.findElement(org.openqa.selenium.By)\" because \"this.driver\" is null","time":{"start":1729175345470,"stop":1729175345473,"duration":3}},{"uid":"fa3926e5c3cbab8","status":"skipped","statusDetails":"Cannot invoke \"org.openqa.selenium.WebDriver.findElement(org.openqa.selenium.By)\" because \"this.driver\" is null","time":{"start":1729175313918,"stop":1729175313920,"duration":2}},{"uid":"85c142a1e032ba58","status":"skipped","statusDetails":"Cannot invoke \"org.openqa.selenium.WebDriver.findElement(org.openqa.selenium.By)\" because \"this.driver\" is null","time":{"start":1729174116049,"stop":1729174116053,"duration":4}},{"uid":"240cbb1db2aa0266","status":"passed","time":{"start":1729164130040,"stop":1729164130484,"duration":444}},{"uid":"eb3df46685c3eeca","status":"passed","time":{"start":1729160534295,"stop":1729160535082,"duration":787}},{"uid":"db5cfd981664c91d","status":"passed","time":{"start":1729158812880,"stop":1729158813549,"duration":669}},{"uid":"4e3cf5bfa90e0414","status":"passed","time":{"start":1729158332699,"stop":1729158333359,"duration":660}}],"categories":[],"tags":[]},"source":"edb2466367799b76.json","parameterValues":[]}